C:\USERS\ADAM\DOCUMENTS\PATANOT\DEBUG\GAMEFUNCTIONS.OBJ
C:\USERS\ADAM\DOCUMENTS\PATANOT\DEBUG\GAME.OBJ
C:\USERS\ADAM\DOCUMENTS\PATANOT\DEBUG\GRAPHICS3D.OBJ
C:\USERS\ADAM\DOCUMENTS\PATANOT\DEBUG\INTERFACE.OBJ
C:\USERS\ADAM\DOCUMENTS\PATANOT\DEBUG\SCORING.OBJ
C:\USERS\ADAM\DOCUMENTS\PATANOT\DEBUG\SHADER.OBJ
C:\USERS\ADAM\DOCUMENTS\PATANOT\DEBUG\SIMPLE_LOGGER.OBJ
C:\USERS\ADAM\DOCUMENTS\PATANOT\DEBUG\SPRITE.OBJ
C:\USERS\ADAM\DOCUMENTS\PATANOT\DEBUG\VC110.PDB
C:\USERS\ADAM\DOCUMENTS\PATANOT\DEBUG\ENTITY.OBJ
C:\USERS\ADAM\DOCUMENTS\PATANOT\PATANOT.ILK
C:\USERS\ADAM\DOCUMENTS\PATANOT\PATANOT.EXE
C:\USERS\ADAM\DOCUMENTS\PATANOT\PATANOT.PDB
C:\Users\Adam\Documents\PataNot\Debug\entity.obj
C:\Users\Adam\Documents\PataNot\Debug\game.obj
C:\Users\Adam\Documents\PataNot\Debug\gameFunctions.obj
C:\Users\Adam\Documents\PataNot\Debug\graphics3d.obj
C:\Users\Adam\Documents\PataNot\Debug\interface.obj
C:\Users\Adam\Documents\PataNot\Debug\scoring.obj
C:\Users\Adam\Documents\PataNot\Debug\shader.obj
C:\Users\Adam\Documents\PataNot\Debug\simple_logger.obj
C:\Users\Adam\Documents\PataNot\Debug\sprite.obj
C:\Users\Adam\Documents\PataNot\Debug\cl.command.1.tlog
C:\Users\Adam\Documents\PataNot\Debug\CL.read.1.tlog
C:\Users\Adam\Documents\PataNot\Debug\CL.write.1.tlog
C:\Users\Adam\Documents\PataNot\Debug\link-cvtres.read.1.tlog
C:\Users\Adam\Documents\PataNot\Debug\link-cvtres.write.1.tlog
C:\Users\Adam\Documents\PataNot\Debug\link-rc.read.1.tlog
C:\Users\Adam\Documents\PataNot\Debug\link-rc.write.1.tlog
C:\Users\Adam\Documents\PataNot\Debug\link.10936-cvtres.read.1.tlog
C:\Users\Adam\Documents\PataNot\Debug\link.10936-cvtres.write.1.tlog
C:\Users\Adam\Documents\PataNot\Debug\link.10936-rc.read.1.tlog
C:\Users\Adam\Documents\PataNot\Debug\link.10936-rc.write.1.tlog
C:\Users\Adam\Documents\PataNot\Debug\link.10936.read.1.tlog
C:\Users\Adam\Documents\PataNot\Debug\link.10936.write.1.tlog
C:\Users\Adam\Documents\PataNot\Debug\link.8556-cvtres.read.1.tlog
C:\Users\Adam\Documents\PataNot\Debug\link.8556-cvtres.write.1.tlog
C:\Users\Adam\Documents\PataNot\Debug\link.8556-rc.read.1.tlog
C:\Users\Adam\Documents\PataNot\Debug\link.8556-rc.write.1.tlog
C:\Users\Adam\Documents\PataNot\Debug\link.8556.read.1.tlog
C:\Users\Adam\Documents\PataNot\Debug\link.8556.write.1.tlog
C:\Users\Adam\Documents\PataNot\Debug\link.command.1.tlog
C:\Users\Adam\Documents\PataNot\Debug\link.read.1.tlog
C:\Users\Adam\Documents\PataNot\Debug\link.write.1.tlog
C:\Users\Adam\Documents\PataNot\Debug\vc110.idb
C:\Users\Adam\Documents\PataNot\Debug\vc110.pdb
C:\Users\Adam\Documents\PataNot\PataNot.pdb
C:\Users\Adam\Documents\PataNot\PataNot.exe
C:\Users\Adam\Documents\PataNot\PataNot.ilk
